{"C:\\Users\\LGuille\\Desktop\\microfrontends-project\\potter-mf\\src\\App.tsx": {"path":"C:\\Users\\LGuille\\Desktop\\microfrontends-project\\potter-mf\\src\\App.tsx","statementMap":{"0":{"start":{"line":1,"column":0},"end":{"line":1,"column":32}},"1":{"start":{"line":2,"column":0},"end":{"line":2,"column":42}},"2":{"start":{"line":3,"column":0},"end":{"line":3,"column":32}},"3":{"start":{"line":4,"column":0},"end":{"line":4,"column":18}},"4":{"start":{"line":7,"column":28},"end":{"line":7,"column":39}},"5":{"start":{"line":9,"column":2},"end":{"line":32,"column":null}},"6":{"start":{"line":21,"column":31},"end":{"line":21,"column":61}},"7":{"start":{"line":21,"column":51},"end":{"line":21,"column":60}},"8":{"start":{"line":35,"column":0},"end":{"line":35,"column":null}}},"fnMap":{"0":{"name":"App","decl":{"start":{"line":6,"column":9},"end":{"line":6,"column":12}},"loc":{"start":{"line":6,"column":12},"end":{"line":33,"column":1}}},"1":{"name":"(anonymous_2)","decl":{"start":{"line":21,"column":25},"end":{"line":21,"column":28}},"loc":{"start":{"line":21,"column":31},"end":{"line":21,"column":61}}},"2":{"name":"(anonymous_3)","decl":{"start":{"line":21,"column":40},"end":{"line":21,"column":41}},"loc":{"start":{"line":21,"column":51},"end":{"line":21,"column":60}}}},"branchMap":{},"s":{"0":0,"1":0,"2":0,"3":0,"4":0,"5":0,"6":0,"7":0,"8":0},"f":{"0":0,"1":0,"2":0},"b":{}}
,"C:\\Users\\LGuille\\Desktop\\microfrontends-project\\potter-mf\\src\\components\\AppContainer\\Index.tsx": {"path":"C:\\Users\\LGuille\\Desktop\\microfrontends-project\\potter-mf\\src\\components\\AppContainer\\Index.tsx","statementMap":{"0":{"start":{"line":1,"column":0},"end":{"line":1,"column":57}},"1":{"start":{"line":2,"column":0},"end":{"line":2,"column":53}},"2":{"start":{"line":4,"column":21},"end":{"line":10,"column":1}},"3":{"start":{"line":5,"column":2},"end":{"line":9,"column":null}},"4":{"start":{"line":12,"column":0},"end":{"line":12,"column":null}}},"fnMap":{"0":{"name":"(anonymous_1)","decl":{"start":{"line":4,"column":21},"end":{"line":4,"column":24}},"loc":{"start":{"line":4,"column":26},"end":{"line":10,"column":1}}}},"branchMap":{},"s":{"0":0,"1":0,"2":0,"3":0,"4":0},"f":{"0":0},"b":{}}
,"C:\\Users\\LGuille\\Desktop\\microfrontends-project\\potter-mf\\src\\components\\Card\\Index.tsx": {"path":"C:\\Users\\LGuille\\Desktop\\microfrontends-project\\potter-mf\\src\\components\\Card\\Index.tsx","statementMap":{"0":{"start":{"line":1,"column":0},"end":{"line":1,"column":25}},"1":{"start":{"line":2,"column":0},"end":{"line":2,"column":null}},"2":{"start":{"line":9,"column":0},"end":{"line":9,"column":46}},"3":{"start":{"line":11,"column":34},"end":{"line":35,"column":1}},"4":{"start":{"line":12,"column":16},"end":{"line":12,"column":32}},"5":{"start":{"line":13,"column":23},"end":{"line":15,"column":3}},"6":{"start":{"line":14,"column":4},"end":{"line":14,"column":null}},"7":{"start":{"line":16,"column":23},"end":{"line":18,"column":3}},"8":{"start":{"line":17,"column":4},"end":{"line":17,"column":36}},"9":{"start":{"line":20,"column":2},"end":{"line":34,"column":null}},"10":{"start":{"line":37,"column":0},"end":{"line":37,"column":null}}},"fnMap":{"0":{"name":"(anonymous_1)","decl":{"start":{"line":11,"column":34},"end":{"line":11,"column":35}},"loc":{"start":{"line":11,"column":78},"end":{"line":35,"column":1}}},"1":{"name":"(anonymous_2)","decl":{"start":{"line":13,"column":23},"end":{"line":13,"column":24}},"loc":{"start":{"line":13,"column":42},"end":{"line":15,"column":3}}},"2":{"name":"(anonymous_3)","decl":{"start":{"line":16,"column":23},"end":{"line":16,"column":24}},"loc":{"start":{"line":16,"column":42},"end":{"line":18,"column":3}}}},"branchMap":{"0":{"loc":{"start":{"line":14,"column":11},"end":{"line":14,"column":41}},"type":"cond-expr","locations":[{"start":{"line":14,"column":19},"end":{"line":14,"column":29}},{"start":{"line":14,"column":32},"end":{"line":14,"column":41}}]},"1":{"loc":{"start":{"line":17,"column":11},"end":{"line":17,"column":35}},"type":"cond-expr","locations":[{"start":{"line":17,"column":19},"end":{"line":17,"column":26}},{"start":{"line":17,"column":29},"end":{"line":17,"column":35}}]}},"s":{"0":2,"1":2,"2":2,"3":2,"4":4,"5":4,"6":4,"7":4,"8":4,"9":4,"10":2},"f":{"0":4,"1":4,"2":4},"b":{"0":[3,1],"1":[3,1]}}
,"C:\\Users\\LGuille\\Desktop\\microfrontends-project\\potter-mf\\src\\components\\Card\\styles.ts": {"path":"C:\\Users\\LGuille\\Desktop\\microfrontends-project\\potter-mf\\src\\components\\Card\\styles.ts","statementMap":{"0":{"start":{"line":1,"column":0},"end":{"line":1,"column":39}},"1":{"start":{"line":7,"column":28},"end":{"line":19,"column":null}},"2":{"start":{"line":62,"column":2},"end":{"line":62,"column":21}},"3":{"start":{"line":21,"column":20},"end":{"line":39,"column":null}},"4":{"start":{"line":32,"column":4},"end":{"line":37,"column":5}},"5":{"start":{"line":34,"column":8},"end":{"line":34,"column":25}},"6":{"start":{"line":36,"column":8},"end":{"line":36,"column":25}},"7":{"start":{"line":63,"column":2},"end":{"line":63,"column":13}},"8":{"start":{"line":41,"column":22},"end":{"line":46,"column":null}},"9":{"start":{"line":64,"column":2},"end":{"line":64,"column":15}},"10":{"start":{"line":48,"column":30},"end":{"line":59,"column":null}},"11":{"start":{"line":65,"column":2},"end":{"line":65,"column":23}}},"fnMap":{"0":{"name":"(anonymous_1)","decl":{"start":{"line":31,"column":22},"end":{"line":31,"column":23}},"loc":{"start":{"line":31,"column":36},"end":{"line":38,"column":3}}}},"branchMap":{"0":{"loc":{"start":{"line":32,"column":4},"end":{"line":37,"column":5}},"type":"switch","locations":[{"start":{"line":33,"column":6},"end":{"line":34,"column":25}},{"start":{"line":35,"column":6},"end":{"line":36,"column":25}}]}},"s":{"0":2,"1":2,"2":2,"3":2,"4":4,"5":3,"6":1,"7":2,"8":2,"9":2,"10":2,"11":2},"f":{"0":4},"b":{"0":[3,1]}}
,"C:\\Users\\LGuille\\Desktop\\microfrontends-project\\potter-mf\\src\\components\\ListCharacters\\Index.tsx": {"path":"C:\\Users\\LGuille\\Desktop\\microfrontends-project\\potter-mf\\src\\components\\ListCharacters\\Index.tsx","statementMap":{"0":{"start":{"line":1,"column":0},"end":{"line":1,"column":43}},"1":{"start":{"line":3,"column":0},"end":{"line":3,"column":64}},"2":{"start":{"line":4,"column":0},"end":{"line":4,"column":53}},"3":{"start":{"line":5,"column":0},"end":{"line":5,"column":57}},"4":{"start":{"line":6,"column":0},"end":{"line":6,"column":33}},"5":{"start":{"line":7,"column":0},"end":{"line":7,"column":52}},"6":{"start":{"line":9,"column":23},"end":{"line":43,"column":1}},"7":{"start":{"line":10,"column":38},"end":{"line":10,"column":63}},"8":{"start":{"line":11,"column":32},"end":{"line":11,"column":47}},"9":{"start":{"line":13,"column":2},"end":{"line":19,"column":9}},"10":{"start":{"line":14,"column":4},"end":{"line":14,"column":21}},"11":{"start":{"line":15,"column":4},"end":{"line":18,"column":40}},"12":{"start":{"line":16,"column":22},"end":{"line":16,"column":41}},"13":{"start":{"line":17,"column":24},"end":{"line":17,"column":54}},"14":{"start":{"line":18,"column":21},"end":{"line":18,"column":38}},"15":{"start":{"line":21,"column":2},"end":{"line":23,"column":3}},"16":{"start":{"line":22,"column":4},"end":{"line":22,"column":30}},"17":{"start":{"line":25,"column":2},"end":{"line":42,"column":null}},"18":{"start":{"line":30,"column":12},"end":{"line":31,"column":null}},"19":{"start":{"line":45,"column":0},"end":{"line":45,"column":null}}},"fnMap":{"0":{"name":"(anonymous_1)","decl":{"start":{"line":9,"column":23},"end":{"line":9,"column":26}},"loc":{"start":{"line":9,"column":28},"end":{"line":43,"column":1}}},"1":{"name":"(anonymous_2)","decl":{"start":{"line":13,"column":12},"end":{"line":13,"column":15}},"loc":{"start":{"line":13,"column":17},"end":{"line":19,"column":3}}},"2":{"name":"(anonymous_3)","decl":{"start":{"line":16,"column":12},"end":{"line":16,"column":13}},"loc":{"start":{"line":16,"column":22},"end":{"line":16,"column":41}}},"3":{"name":"(anonymous_4)","decl":{"start":{"line":17,"column":13},"end":{"line":17,"column":14}},"loc":{"start":{"line":17,"column":24},"end":{"line":17,"column":54}}},"4":{"name":"(anonymous_5)","decl":{"start":{"line":18,"column":15},"end":{"line":18,"column":18}},"loc":{"start":{"line":18,"column":21},"end":{"line":18,"column":38}}},"5":{"name":"(anonymous_6)","decl":{"start":{"line":29,"column":26},"end":{"line":29,"column":27}},"loc":{"start":{"line":30,"column":12},"end":{"line":31,"column":null}}}},"branchMap":{"0":{"loc":{"start":{"line":21,"column":2},"end":{"line":23,"column":3}},"type":"if","locations":[{"start":{"line":21,"column":2},"end":{"line":23,"column":3}}]}},"s":{"0":1,"1":1,"2":1,"3":1,"4":1,"5":1,"6":1,"7":8,"8":8,"9":8,"10":3,"11":3,"12":1,"13":1,"14":2,"15":8,"16":3,"17":5,"18":2,"19":1},"f":{"0":8,"1":3,"2":1,"3":1,"4":2,"5":2},"b":{"0":[3]}}
,"C:\\Users\\LGuille\\Desktop\\microfrontends-project\\potter-mf\\src\\components\\ListCharacters\\styles.ts": {"path":"C:\\Users\\LGuille\\Desktop\\microfrontends-project\\potter-mf\\src\\components\\ListCharacters\\styles.ts","statementMap":{"0":{"start":{"line":1,"column":0},"end":{"line":1,"column":39}},"1":{"start":{"line":3,"column":28},"end":{"line":28,"column":null}},"2":{"start":{"line":49,"column":9},"end":{"line":49,"column":28}},"3":{"start":{"line":30,"column":13},"end":{"line":47,"column":2}},"4":{"start":{"line":49,"column":30},"end":{"line":49,"column":34}}},"fnMap":{},"branchMap":{},"s":{"0":1,"1":1,"2":1,"3":1,"4":1},"f":{},"b":{}}
,"C:\\Users\\LGuille\\Desktop\\microfrontends-project\\potter-mf\\src\\components\\Utils\\Loading\\Index.tsx": {"path":"C:\\Users\\LGuille\\Desktop\\microfrontends-project\\potter-mf\\src\\components\\Utils\\Loading\\Index.tsx","statementMap":{"0":{"start":{"line":1,"column":0},"end":{"line":1,"column":51}},"1":{"start":{"line":3,"column":23},"end":{"line":6,"column":null}},"2":{"start":{"line":4,"column":2},"end":{"line":5,"column":null}},"3":{"start":{"line":9,"column":0},"end":{"line":9,"column":30}}},"fnMap":{"0":{"name":"(anonymous_0)","decl":{"start":{"line":3,"column":23},"end":{"line":3,"column":26}},"loc":{"start":{"line":4,"column":2},"end":{"line":5,"column":null}}}},"branchMap":{},"s":{"0":1,"1":1,"2":3,"3":1},"f":{"0":3},"b":{}}
,"C:\\Users\\LGuille\\Desktop\\microfrontends-project\\potter-mf\\src\\components\\Utils\\Loading\\styles.ts": {"path":"C:\\Users\\LGuille\\Desktop\\microfrontends-project\\potter-mf\\src\\components\\Utils\\Loading\\styles.ts","statementMap":{"0":{"start":{"line":1,"column":0},"end":{"line":1,"column":39}},"1":{"start":{"line":3,"column":23},"end":{"line":8,"column":2}},"2":{"start":{"line":24,"column":9},"end":{"line":24,"column":23}},"3":{"start":{"line":10,"column":16},"end":{"line":22,"column":null}},"4":{"start":{"line":24,"column":25},"end":{"line":24,"column":32}}},"fnMap":{},"branchMap":{},"s":{"0":1,"1":1,"2":1,"3":1,"4":1},"f":{},"b":{}}
,"C:\\Users\\LGuille\\Desktop\\microfrontends-project\\potter-mf\\src\\context\\LanguageContext.tsx": {"path":"C:\\Users\\LGuille\\Desktop\\microfrontends-project\\potter-mf\\src\\context\\LanguageContext.tsx","statementMap":{"0":{"start":{"line":1,"column":0},"end":{"line":1,"column":26}},"1":{"start":{"line":2,"column":0},"end":{"line":2,"column":47}},"2":{"start":{"line":3,"column":0},"end":{"line":3,"column":27}},"3":{"start":{"line":9,"column":52},"end":{"line":11,"column":1}},"4":{"start":{"line":10,"column":2},"end":{"line":10,"column":67}},"5":{"start":{"line":13,"column":0},"end":{"line":13,"column":28}}},"fnMap":{"0":{"name":"(anonymous_1)","decl":{"start":{"line":9,"column":52},"end":{"line":9,"column":53}},"loc":{"start":{"line":9,"column":69},"end":{"line":11,"column":1}}}},"branchMap":{},"s":{"0":1,"1":1,"2":1,"3":1,"4":5,"5":1},"f":{"0":5},"b":{}}
,"C:\\Users\\LGuille\\Desktop\\microfrontends-project\\potter-mf\\src\\hooks\\useSwitchLanguage.ts": {"path":"C:\\Users\\LGuille\\Desktop\\microfrontends-project\\potter-mf\\src\\hooks\\useSwitchLanguage.ts","statementMap":{"0":{"start":{"line":1,"column":0},"end":{"line":1,"column":27}},"1":{"start":{"line":3,"column":26},"end":{"line":5,"column":1}},"2":{"start":{"line":4,"column":2},"end":{"line":4,"column":61}},"3":{"start":{"line":4,"column":31},"end":{"line":4,"column":60}},"4":{"start":{"line":7,"column":0},"end":{"line":7,"column":33}}},"fnMap":{"0":{"name":"(anonymous_1)","decl":{"start":{"line":3,"column":26},"end":{"line":3,"column":29}},"loc":{"start":{"line":3,"column":31},"end":{"line":5,"column":1}}},"1":{"name":"(anonymous_2)","decl":{"start":{"line":4,"column":9},"end":{"line":4,"column":10}},"loc":{"start":{"line":4,"column":31},"end":{"line":4,"column":60}}}},"branchMap":{},"s":{"0":1,"1":1,"2":1,"3":0,"4":1},"f":{"0":1,"1":0},"b":{}}
,"C:\\Users\\LGuille\\Desktop\\microfrontends-project\\potter-mf\\src\\i18n\\index.ts": {"path":"C:\\Users\\LGuille\\Desktop\\microfrontends-project\\potter-mf\\src\\i18n\\index.ts","statementMap":{"0":{"start":{"line":1,"column":0},"end":{"line":1,"column":26}},"1":{"start":{"line":2,"column":0},"end":{"line":2,"column":48}},"2":{"start":{"line":4,"column":0},"end":{"line":4,"column":34}},"3":{"start":{"line":5,"column":0},"end":{"line":5,"column":34}},"4":{"start":{"line":7,"column":0},"end":{"line":15,"column":null}},"5":{"start":{"line":17,"column":0},"end":{"line":17,"column":null}}},"fnMap":{},"branchMap":{},"s":{"0":2,"1":2,"2":2,"3":2,"4":2,"5":2},"f":{},"b":{}}
,"C:\\Users\\LGuille\\Desktop\\microfrontends-project\\potter-mf\\src\\services\\api\\characters.ts": {"path":"C:\\Users\\LGuille\\Desktop\\microfrontends-project\\potter-mf\\src\\services\\api\\characters.ts","statementMap":{"0":{"start":{"line":3,"column":0},"end":{"line":3,"column":7}},"1":{"start":{"line":4,"column":19},"end":{"line":4,"column":52}},"2":{"start":{"line":6,"column":2},"end":{"line":14,"column":3}},"3":{"start":{"line":7,"column":21},"end":{"line":7,"column":58}},"4":{"start":{"line":8,"column":30},"end":{"line":8,"column":51}},"5":{"start":{"line":9,"column":4},"end":{"line":11,"column":6}},"6":{"start":{"line":10,"column":6},"end":{"line":10,"column":63}},"7":{"start":{"line":13,"column":4},"end":{"line":13,"column":53}}},"fnMap":{"0":{"name":"fetchCharacters","decl":{"start":{"line":3,"column":22},"end":{"line":3,"column":37}},"loc":{"start":{"line":3,"column":37},"end":{"line":15,"column":1}}},"1":{"name":"(anonymous_1)","decl":{"start":{"line":9,"column":23},"end":{"line":9,"column":24}},"loc":{"start":{"line":10,"column":6},"end":{"line":10,"column":63}}}},"branchMap":{"0":{"loc":{"start":{"line":10,"column":6},"end":{"line":10,"column":63}},"type":"binary-expr","locations":[{"start":{"line":10,"column":6},"end":{"line":10,"column":30}},{"start":{"line":10,"column":34},"end":{"line":10,"column":63}}]}},"s":{"0":2,"1":3,"2":3,"3":3,"4":2,"5":2,"6":4,"7":1},"f":{"0":3,"1":4},"b":{"0":[4,3]}}
}
