TN:
SF:src\App.tsx
FN:6,App
FN:21,(anonymous_2)
FN:21,(anonymous_3)
FNF:3
FNH:0
FNDA:0,App
FNDA:0,(anonymous_2)
FNDA:0,(anonymous_3)
DA:1,0
DA:2,0
DA:3,0
DA:4,0
DA:7,0
DA:9,0
DA:21,0
DA:35,0
LF:8
LH:0
BRF:0
BRH:0
end_of_record
TN:
SF:src\components\AppContainer\Index.tsx
FN:4,(anonymous_1)
FNF:1
FNH:0
FNDA:0,(anonymous_1)
DA:1,0
DA:2,0
DA:4,0
DA:5,0
DA:12,0
LF:5
LH:0
BRF:0
BRH:0
end_of_record
TN:
SF:src\components\Card\Index.tsx
FN:11,(anonymous_1)
FN:13,(anonymous_2)
FN:16,(anonymous_3)
FNF:3
FNH:3
FNDA:4,(anonymous_1)
FNDA:4,(anonymous_2)
FNDA:4,(anonymous_3)
DA:1,2
DA:2,2
DA:9,2
DA:11,2
DA:12,4
DA:13,4
DA:14,4
DA:16,4
DA:17,4
DA:20,4
DA:37,2
LF:11
LH:11
BRDA:14,0,0,3
BRDA:14,0,1,1
BRDA:17,1,0,3
BRDA:17,1,1,1
BRF:4
BRH:4
end_of_record
TN:
SF:src\components\Card\styles.ts
FN:31,(anonymous_1)
FNF:1
FNH:1
FNDA:4,(anonymous_1)
DA:1,2
DA:7,2
DA:21,2
DA:32,4
DA:34,3
DA:36,1
DA:41,2
DA:48,2
DA:62,2
DA:63,2
DA:64,2
DA:65,2
LF:12
LH:12
BRDA:32,0,0,3
BRDA:32,0,1,1
BRF:2
BRH:2
end_of_record
TN:
SF:src\components\ListCharacters\Index.tsx
FN:9,(anonymous_1)
FN:13,(anonymous_2)
FN:16,(anonymous_3)
FN:17,(anonymous_4)
FN:18,(anonymous_5)
FN:29,(anonymous_6)
FNF:6
FNH:6
FNDA:8,(anonymous_1)
FNDA:3,(anonymous_2)
FNDA:1,(anonymous_3)
FNDA:1,(anonymous_4)
FNDA:2,(anonymous_5)
FNDA:2,(anonymous_6)
DA:1,1
DA:3,1
DA:4,1
DA:5,1
DA:6,1
DA:7,1
DA:9,1
DA:10,8
DA:11,8
DA:13,8
DA:14,3
DA:15,3
DA:16,1
DA:17,1
DA:18,2
DA:21,8
DA:22,3
DA:25,5
DA:30,2
DA:45,1
LF:20
LH:20
BRDA:21,0,0,3
BRF:1
BRH:1
end_of_record
TN:
SF:src\components\ListCharacters\styles.ts
FNF:0
FNH:0
DA:1,1
DA:3,1
DA:30,1
DA:49,1
LF:4
LH:4
BRF:0
BRH:0
end_of_record
TN:
SF:src\components\Utils\Loading\Index.tsx
FN:3,(anonymous_0)
FNF:1
FNH:1
FNDA:3,(anonymous_0)
DA:1,1
DA:3,1
DA:4,3
DA:9,1
LF:4
LH:4
BRF:0
BRH:0
end_of_record
TN:
SF:src\components\Utils\Loading\styles.ts
FNF:0
FNH:0
DA:1,1
DA:3,1
DA:10,1
DA:24,1
LF:4
LH:4
BRF:0
BRH:0
end_of_record
TN:
SF:src\context\LanguageContext.tsx
FN:9,(anonymous_1)
FNF:1
FNH:1
FNDA:5,(anonymous_1)
DA:1,1
DA:2,1
DA:3,1
DA:9,1
DA:10,5
DA:13,1
LF:6
LH:6
BRF:0
BRH:0
end_of_record
TN:
SF:src\hooks\useSwitchLanguage.ts
FN:3,(anonymous_1)
FN:4,(anonymous_2)
FNF:2
FNH:1
FNDA:1,(anonymous_1)
FNDA:0,(anonymous_2)
DA:1,1
DA:3,1
DA:4,1
DA:7,1
LF:4
LH:4
BRF:0
BRH:0
end_of_record
TN:
SF:src\i18n\index.ts
FNF:0
FNH:0
DA:1,2
DA:2,2
DA:4,2
DA:5,2
DA:7,2
DA:17,2
LF:6
LH:6
BRF:0
BRH:0
end_of_record
TN:
SF:src\services\api\characters.ts
FN:3,fetchCharacters
FN:9,(anonymous_1)
FNF:2
FNH:2
FNDA:3,fetchCharacters
FNDA:4,(anonymous_1)
DA:3,2
DA:4,3
DA:6,3
DA:7,3
DA:8,2
DA:9,2
DA:10,4
DA:13,1
LF:8
LH:8
BRDA:10,0,0,4
BRDA:10,0,1,3
BRF:2
BRH:2
end_of_record
