<?xml version="1.0" encoding="UTF-8"?>
<coverage generated="1744397591461" clover="3.2.0">
  <project timestamp="1744397591461" name="All files">
    <metrics statements="29" coveredstatements="28" conditionals="10" coveredconditionals="9" methods="12" coveredmethods="12" elements="51" coveredelements="49" complexity="0" loc="29" ncloc="29" packages="4" files="4" classes="4"/>
    <package name="components.AppContainer">
      <metrics statements="2" coveredstatements="2" conditionals="0" coveredconditionals="0" methods="1" coveredmethods="1"/>
      <file name="Index.tsx" path="C:\Users\LGuille\Desktop\microfrontends-project\rick-mf\src\components\AppContainer\Index.tsx">
        <metrics statements="2" coveredstatements="2" conditionals="0" coveredconditionals="0" methods="1" coveredmethods="1"/>
        <line num="4" count="1" type="stmt"/>
        <line num="5" count="1" type="stmt"/>
      </file>
    </package>
    <package name="components.Card">
      <metrics statements="12" coveredstatements="11" conditionals="8" coveredconditionals="7" methods="3" coveredmethods="3"/>
      <file name="Index.tsx" path="C:\Users\LGuille\Desktop\microfrontends-project\rick-mf\src\components\Card\Index.tsx">
        <metrics statements="12" coveredstatements="11" conditionals="8" coveredconditionals="7" methods="3" coveredmethods="3"/>
        <line num="11" count="1" type="stmt"/>
        <line num="12" count="3" type="stmt"/>
        <line num="13" count="3" type="stmt"/>
        <line num="14" count="3" type="cond" truecount="3" falsecount="0"/>
        <line num="16" count="1" type="stmt"/>
        <line num="18" count="1" type="stmt"/>
        <line num="20" count="1" type="stmt"/>
        <line num="23" count="3" type="stmt"/>
        <line num="24" count="3" type="cond" truecount="4" falsecount="1"/>
        <line num="25" count="3" type="stmt"/>
        <line num="27" count="0" type="stmt"/>
        <line num="30" count="3" type="stmt"/>
      </file>
    </package>
    <package name="components.ListCharacters">
      <metrics statements="13" coveredstatements="13" conditionals="2" coveredconditionals="2" methods="6" coveredmethods="6"/>
      <file name="Index.tsx" path="C:\Users\LGuille\Desktop\microfrontends-project\rick-mf\src\components\ListCharacters\Index.tsx">
        <metrics statements="13" coveredstatements="13" conditionals="2" coveredconditionals="2" methods="6" coveredmethods="6"/>
        <line num="9" count="1" type="stmt"/>
        <line num="10" count="8" type="stmt"/>
        <line num="11" count="8" type="stmt"/>
        <line num="13" count="8" type="stmt"/>
        <line num="14" count="3" type="stmt"/>
        <line num="15" count="3" type="stmt"/>
        <line num="16" count="1" type="stmt"/>
        <line num="17" count="1" type="stmt"/>
        <line num="18" count="2" type="stmt"/>
        <line num="21" count="8" type="cond" truecount="2" falsecount="0"/>
        <line num="22" count="3" type="stmt"/>
        <line num="25" count="5" type="stmt"/>
        <line num="30" count="2" type="stmt"/>
      </file>
    </package>
    <package name="hooks">
      <metrics statements="2" coveredstatements="2" conditionals="0" coveredconditionals="0" methods="2" coveredmethods="2"/>
      <file name="useSwitchLanguage.ts" path="C:\Users\LGuille\Desktop\microfrontends-project\rick-mf\src\hooks\useSwitchLanguage.ts">
        <metrics statements="2" coveredstatements="2" conditionals="0" coveredconditionals="0" methods="2" coveredmethods="2"/>
        <line num="3" count="1" type="stmt"/>
        <line num="4" count="2" type="stmt"/>
      </file>
    </package>
  </project>
</coverage>
