{"C:\\Users\\LGuille\\Desktop\\microfrontends-project\\rick-mf\\src\\components\\AppContainer\\Index.tsx": {"path":"C:\\Users\\LGuille\\Desktop\\microfrontends-project\\rick-mf\\src\\components\\AppContainer\\Index.tsx","statementMap":{"0":{"start":{"line":4,"column":21},"end":{"line":10,"column":1}},"1":{"start":{"line":5,"column":2},"end":{"line":9,"column":3}}},"fnMap":{"0":{"name":"(anonymous_0)","decl":{"start":{"line":4,"column":21},"end":{"line":4,"column":22}},"loc":{"start":{"line":4,"column":27},"end":{"line":10,"column":1}},"line":4}},"branchMap":{},"s":{"0":1,"1":1},"f":{"0":1},"b":{},"_coverageSchema":"1a1c01bbd47fc00a2c39e90264f33305004495a9","hash":"8f1b097c271f4a30313a64ae87f0c1ae0ce09b43"}
,"C:\\Users\\LGuille\\Desktop\\microfrontends-project\\rick-mf\\src\\components\\Card\\Index.tsx": {"path":"C:\\Users\\LGuille\\Desktop\\microfrontends-project\\rick-mf\\src\\components\\Card\\Index.tsx","statementMap":{"0":{"start":{"line":11,"column":34},"end":{"line":45,"column":1}},"1":{"start":{"line":12,"column":16},"end":{"line":12,"column":32}},"2":{"start":{"line":13,"column":24},"end":{"line":22,"column":3}},"3":{"start":{"line":14,"column":4},"end":{"line":21,"column":5}},"4":{"start":{"line":16,"column":8},"end":{"line":16,"column":27}},"5":{"start":{"line":18,"column":8},"end":{"line":18,"column":25}},"6":{"start":{"line":20,"column":8},"end":{"line":20,"column":28}},"7":{"start":{"line":23,"column":24},"end":{"line":28,"column":3}},"8":{"start":{"line":24,"column":4},"end":{"line":26,"column":5}},"9":{"start":{"line":25,"column":6},"end":{"line":25,"column":20}},"10":{"start":{"line":27,"column":4},"end":{"line":27,"column":21}},"11":{"start":{"line":30,"column":2},"end":{"line":44,"column":3}}},"fnMap":{"0":{"name":"(anonymous_0)","decl":{"start":{"line":11,"column":34},"end":{"line":11,"column":35}},"loc":{"start":{"line":11,"column":81},"end":{"line":45,"column":1}},"line":11},"1":{"name":"(anonymous_1)","decl":{"start":{"line":13,"column":24},"end":{"line":13,"column":25}},"loc":{"start":{"line":13,"column":44},"end":{"line":22,"column":3}},"line":13},"2":{"name":"(anonymous_2)","decl":{"start":{"line":23,"column":24},"end":{"line":23,"column":25}},"loc":{"start":{"line":23,"column":74},"end":{"line":28,"column":3}},"line":23}},"branchMap":{"0":{"loc":{"start":{"line":14,"column":4},"end":{"line":21,"column":5}},"type":"switch","locations":[{"start":{"line":15,"column":6},"end":{"line":16,"column":27}},{"start":{"line":17,"column":6},"end":{"line":18,"column":25}},{"start":{"line":19,"column":6},"end":{"line":20,"column":28}}],"line":14},"1":{"loc":{"start":{"line":24,"column":4},"end":{"line":26,"column":5}},"type":"if","locations":[{"start":{"line":24,"column":4},"end":{"line":26,"column":5}},{"start":{},"end":{}}],"line":24},"2":{"loc":{"start":{"line":24,"column":8},"end":{"line":24,"column":71}},"type":"binary-expr","locations":[{"start":{"line":24,"column":8},"end":{"line":24,"column":26}},{"start":{"line":24,"column":30},"end":{"line":24,"column":47}},{"start":{"line":24,"column":51},"end":{"line":24,"column":71}}],"line":24}},"s":{"0":1,"1":3,"2":3,"3":3,"4":1,"5":1,"6":1,"7":3,"8":3,"9":3,"10":0,"11":3},"f":{"0":3,"1":3,"2":3},"b":{"0":[1,1,1],"1":[3,0],"2":[3,2,1]},"_coverageSchema":"1a1c01bbd47fc00a2c39e90264f33305004495a9","hash":"1e038f8dc6cd7f38e36dd6b534336302dd66269d"}
,"C:\\Users\\LGuille\\Desktop\\microfrontends-project\\rick-mf\\src\\components\\ListCharacters\\Index.tsx": {"path":"C:\\Users\\LGuille\\Desktop\\microfrontends-project\\rick-mf\\src\\components\\ListCharacters\\Index.tsx","statementMap":{"0":{"start":{"line":9,"column":23},"end":{"line":43,"column":1}},"1":{"start":{"line":10,"column":38},"end":{"line":10,"column":63}},"2":{"start":{"line":11,"column":32},"end":{"line":11,"column":47}},"3":{"start":{"line":13,"column":2},"end":{"line":19,"column":9}},"4":{"start":{"line":14,"column":4},"end":{"line":14,"column":21}},"5":{"start":{"line":15,"column":4},"end":{"line":18,"column":40}},"6":{"start":{"line":16,"column":22},"end":{"line":16,"column":41}},"7":{"start":{"line":17,"column":24},"end":{"line":17,"column":54}},"8":{"start":{"line":18,"column":21},"end":{"line":18,"column":38}},"9":{"start":{"line":21,"column":2},"end":{"line":23,"column":3}},"10":{"start":{"line":22,"column":4},"end":{"line":22,"column":30}},"11":{"start":{"line":25,"column":2},"end":{"line":42,"column":3}},"12":{"start":{"line":30,"column":12},"end":{"line":37,"column":14}}},"fnMap":{"0":{"name":"(anonymous_0)","decl":{"start":{"line":9,"column":23},"end":{"line":9,"column":24}},"loc":{"start":{"line":9,"column":29},"end":{"line":43,"column":1}},"line":9},"1":{"name":"(anonymous_1)","decl":{"start":{"line":13,"column":12},"end":{"line":13,"column":13}},"loc":{"start":{"line":13,"column":18},"end":{"line":19,"column":3}},"line":13},"2":{"name":"(anonymous_2)","decl":{"start":{"line":16,"column":12},"end":{"line":16,"column":13}},"loc":{"start":{"line":16,"column":22},"end":{"line":16,"column":41}},"line":16},"3":{"name":"(anonymous_3)","decl":{"start":{"line":17,"column":13},"end":{"line":17,"column":14}},"loc":{"start":{"line":17,"column":24},"end":{"line":17,"column":54}},"line":17},"4":{"name":"(anonymous_4)","decl":{"start":{"line":18,"column":15},"end":{"line":18,"column":16}},"loc":{"start":{"line":18,"column":21},"end":{"line":18,"column":38}},"line":18},"5":{"name":"(anonymous_5)","decl":{"start":{"line":29,"column":26},"end":{"line":29,"column":27}},"loc":{"start":{"line":30,"column":12},"end":{"line":37,"column":14}},"line":30}},"branchMap":{"0":{"loc":{"start":{"line":21,"column":2},"end":{"line":23,"column":3}},"type":"if","locations":[{"start":{"line":21,"column":2},"end":{"line":23,"column":3}},{"start":{},"end":{}}],"line":21}},"s":{"0":1,"1":8,"2":8,"3":8,"4":3,"5":3,"6":1,"7":1,"8":2,"9":8,"10":3,"11":5,"12":2},"f":{"0":8,"1":3,"2":1,"3":1,"4":2,"5":2},"b":{"0":[3,5]},"_coverageSchema":"1a1c01bbd47fc00a2c39e90264f33305004495a9","hash":"13a2a1bf4c47c5e9efdee1657fbf65fccebf00b8"}
,"C:\\Users\\LGuille\\Desktop\\microfrontends-project\\rick-mf\\src\\hooks\\useSwitchLanguage.ts": {"path":"C:\\Users\\LGuille\\Desktop\\microfrontends-project\\rick-mf\\src\\hooks\\useSwitchLanguage.ts","statementMap":{"0":{"start":{"line":3,"column":26},"end":{"line":5,"column":1}},"1":{"start":{"line":4,"column":2},"end":{"line":4,"column":61}},"2":{"start":{"line":4,"column":31},"end":{"line":4,"column":60}}},"fnMap":{"0":{"name":"(anonymous_0)","decl":{"start":{"line":3,"column":26},"end":{"line":3,"column":27}},"loc":{"start":{"line":3,"column":32},"end":{"line":5,"column":1}},"line":3},"1":{"name":"(anonymous_1)","decl":{"start":{"line":4,"column":9},"end":{"line":4,"column":10}},"loc":{"start":{"line":4,"column":31},"end":{"line":4,"column":60}},"line":4}},"branchMap":{},"s":{"0":1,"1":1,"2":2},"f":{"0":1,"1":2},"b":{},"_coverageSchema":"1a1c01bbd47fc00a2c39e90264f33305004495a9","hash":"1923d96ef6290d351227e1bdc59d648fb6be82e0"}
}
