TN:
SF:src\components\AppContainer\Index.tsx
FN:4,(anonymous_0)
FNF:1
FNH:1
FNDA:1,(anonymous_0)
DA:4,1
DA:5,1
LF:2
LH:2
BRF:0
BRH:0
end_of_record
TN:
SF:src\components\Card\Index.tsx
FN:11,(anonymous_0)
FN:13,(anonymous_1)
FN:23,(anonymous_2)
FNF:3
FNH:3
FNDA:3,(anonymous_0)
FNDA:3,(anonymous_1)
FNDA:3,(anonymous_2)
DA:11,1
DA:12,3
DA:13,3
DA:14,3
DA:16,1
DA:18,1
DA:20,1
DA:23,3
DA:24,3
DA:25,3
DA:27,0
DA:30,3
LF:12
LH:11
BRDA:14,0,0,1
BRDA:14,0,1,1
BRDA:14,0,2,1
BRDA:24,1,0,3
BRDA:24,1,1,0
BRDA:24,2,0,3
BRDA:24,2,1,2
BRDA:24,2,2,1
BRF:8
BRH:7
end_of_record
TN:
SF:src\components\ListCharacters\Index.tsx
FN:9,(anonymous_0)
FN:13,(anonymous_1)
FN:16,(anonymous_2)
FN:17,(anonymous_3)
FN:18,(anonymous_4)
FN:29,(anonymous_5)
FNF:6
FNH:6
FNDA:8,(anonymous_0)
FNDA:3,(anonymous_1)
FNDA:1,(anonymous_2)
FNDA:1,(anonymous_3)
FNDA:2,(anonymous_4)
FNDA:2,(anonymous_5)
DA:9,1
DA:10,8
DA:11,8
DA:13,8
DA:14,3
DA:15,3
DA:16,1
DA:17,1
DA:18,2
DA:21,8
DA:22,3
DA:25,5
DA:30,2
LF:13
LH:13
BRDA:21,0,0,3
BRDA:21,0,1,5
BRF:2
BRH:2
end_of_record
TN:
SF:src\hooks\useSwitchLanguage.ts
FN:3,(anonymous_0)
FN:4,(anonymous_1)
FNF:2
FNH:2
FNDA:1,(anonymous_0)
FNDA:2,(anonymous_1)
DA:3,1
DA:4,2
LF:2
LH:2
BRF:0
BRH:0
end_of_record
